# JRE version: OpenJDK Runtime Environment (21.0.3) (build 21.0.3+-12282718-b509.11)
# Java VM: OpenJDK 64-Bit Server VM (21.0.3+-12282718-b509.11, mixed mode, tiered, compressed oops, compressed class ptrs, g1 gc, windows-amd64)
GC Precious Log:
 CardTable entry size: 512
 Card Set container configuration: InlinePtr #cards 5 size 8 Array Of Cards #cards 12 size 40 Howl #buckets 4 coarsen threshold 1843 Howl Bitmap #cards 512 size 80 coarsen threshold 460 Card regions per heap region 1 cards per card region 2048
 CPUs: 4 total, 4 available
 Memory: 7122M
 Large Page Support: Disabled
 NUMA Support: Disabled
 Compressed Oops: Enabled (32-bit)
 Heap Region Size: 1M
 Heap Min Capacity: 8M
 Heap Initial Capacity: 112M
 Heap Max Capacity: 2G
 Pre-touch: Disabled
 Parallel Workers: 4
 Concurrent Workers: 1
 Concurrent Refinement Workers: 4
 Periodic GC: Disabled
Heap:
 garbage-first heap   total 529408K, used 320512K [0x0000000080000000, 0x0000000100000000)
  region size 1024K, 5 young (5120K), 5 survivors (5120K)
 Metaspace       used 157153K, committed 158720K, reserved 1245184K
  class space    used 20567K, committed 21376K, reserved 1048576K
GC Heap History (20 events):
Event: 1976.829 GC heap after
{Heap after GC invocations=60 (full 0):
 garbage-first heap   total 419840K, used 156510K [0x0000000080000000, 0x0000000100000000)
  region size 1024K, 13 young (13312K), 13 survivors (13312K)
 Metaspace       used 143650K, committed 145984K, reserved 1179648K
  class space    used 19385K, committed 20608K, reserved 1048576K
}
Event: 2029.010 GC heap before
{Heap before GC invocations=61 (full 0):
 garbage-first heap   total 419840K, used 418654K [0x0000000080000000, 0x0000000100000000)
  region size 1024K, 191 young (195584K), 13 survivors (13312K)
 Metaspace       used 141112K, committed 146048K, reserved 1179648K
  class space    used 18742K, committed 20608K, reserved 1048576K
}
Event: 2029.034 GC heap after
{Heap after GC invocations=62 (full 0):
 garbage-first heap   total 436224K, used 158046K [0x0000000080000000, 0x0000000100000000)
  region size 1024K, 16 young (16384K), 16 survivors (16384K)
 Metaspace       used 141112K, committed 146048K, reserved 1179648K
  class space    used 18742K, committed 20608K, reserved 1048576K
}
Event: 2588.946 GC heap before
{Heap before GC invocations=62 (full 0):
 garbage-first heap   total 436224K, used 434526K [0x0000000080000000, 0x0000000100000000)
  region size 1024K, 207 young (211968K), 16 survivors (16384K)
 Metaspace       used 146555K, committed 148672K, reserved 1179648K
  class space    used 19468K, committed 20800K, reserved 1048576K
}
Event: 2588.961 GC heap after
{Heap after GC invocations=63 (full 0):
 garbage-first heap   total 445440K, used 131319K [0x0000000080000000, 0x0000000100000000)
  region size 1024K, 5 young (5120K), 5 survivors (5120K)
 Metaspace       used 146555K, committed 148672K, reserved 1179648K
  class space    used 19468K, committed 20800K, reserved 1048576K
}
Event: 2591.818 GC heap before
{Heap before GC invocations=63 (full 0):
 garbage-first heap   total 445440K, used 295159K [0x0000000080000000, 0x0000000100000000)
  region size 1024K, 167 young (171008K), 5 survivors (5120K)
 Metaspace       used 149048K, committed 150848K, reserved 1179648K
  class space    used 19724K, committed 20864K, reserved 1048576K
}
Event: 2591.846 GC heap after
{Heap after GC invocations=64 (full 0):
 garbage-first heap   total 445440K, used 156919K [0x0000000080000000, 0x0000000100000000)
  region size 1024K, 30 young (30720K), 30 survivors (30720K)
 Metaspace       used 149048K, committed 150848K, reserved 1179648K
  class space    used 19724K, committed 20864K, reserved 1048576K
}
Event: 5162.003 GC heap before
{Heap before GC invocations=65 (full 0):
 garbage-first heap   total 445440K, used 439543K [0x0000000080000000, 0x0000000100000000)
  region size 1024K, 258 young (264192K), 30 survivors (30720K)
 Metaspace       used 156069K, committed 157568K, reserved 1245184K
  class space    used 20480K, committed 21312K, reserved 1048576K
}
Event: 5162.788 GC heap after
{Heap after GC invocations=66 (full 0):
 garbage-first heap   total 457728K, used 136704K [0x0000000080000000, 0x0000000100000000)
  region size 1024K, 4 young (4096K), 4 survivors (4096K)
 Metaspace       used 156069K, committed 157568K, reserved 1245184K
  class space    used 20480K, committed 21312K, reserved 1048576K
}
Event: 5666.333 GC heap before
{Heap before GC invocations=66 (full 0):
 garbage-first heap   total 493568K, used 492032K [0x0000000080000000, 0x0000000100000000)
  region size 1024K, 180 young (184320K), 4 survivors (4096K)
 Metaspace       used 157248K, committed 158720K, reserved 1245184K
  class space    used 20596K, committed 21376K, reserved 1048576K
}
Event: 5666.495 GC heap after
{Heap after GC invocations=67 (full 0):
 garbage-first heap   total 522240K, used 262008K [0x0000000080000000, 0x0000000100000000)
  region size 1024K, 25 young (25600K), 25 survivors (25600K)
 Metaspace       used 157248K, committed 158720K, reserved 1245184K
  class space    used 20596K, committed 21376K, reserved 1048576K
}
Event: 5666.522 GC heap before
{Heap before GC invocations=67 (full 0):
 garbage-first heap   total 522240K, used 262008K [0x0000000080000000, 0x0000000100000000)
  region size 1024K, 26 young (26624K), 25 survivors (25600K)
 Metaspace       used 157248K, committed 158720K, reserved 1245184K
  class space    used 20596K, committed 21376K, reserved 1048576K
}
Event: 5666.609 GC heap after
{Heap after GC invocations=68 (full 0):
 garbage-first heap   total 522240K, used 263232K [0x0000000080000000, 0x0000000100000000)
  region size 1024K, 2 young (2048K), 2 survivors (2048K)
 Metaspace       used 157248K, committed 158720K, reserved 1245184K
  class space    used 20596K, committed 21376K, reserved 1048576K
}
Event: 5667.027 GC heap before
{Heap before GC invocations=68 (full 0):
 garbage-first heap   total 522240K, used 330816K [0x0000000080000000, 0x0000000100000000)
  region size 1024K, 45 young (46080K), 2 survivors (2048K)
 Metaspace       used 157269K, committed 158720K, reserved 1245184K
  class space    used 20596K, committed 21376K, reserved 1048576K
}
Event: 5667.055 GC heap after
{Heap after GC invocations=69 (full 0):
 garbage-first heap   total 522240K, used 287744K [0x0000000080000000, 0x0000000100000000)
  region size 1024K, 6 young (6144K), 6 survivors (6144K)
 Metaspace       used 157269K, committed 158720K, reserved 1245184K
  class space    used 20596K, committed 21376K, reserved 1048576K
}
Event: 5667.294 GC heap before
{Heap before GC invocations=69 (full 0):
 garbage-first heap   total 522240K, used 308224K [0x0000000080000000, 0x0000000100000000)
  region size 1024K, 25 young (25600K), 6 survivors (6144K)
 Metaspace       used 157270K, committed 158720K, reserved 1245184K
  class space    used 20596K, committed 21376K, reserved 1048576K
}
Event: 5667.325 GC heap after
{Heap after GC invocations=70 (full 0):
 garbage-first heap   total 522240K, used 297472K [0x0000000080000000, 0x0000000100000000)
  region size 1024K, 4 young (4096K), 4 survivors (4096K)
 Metaspace       used 157270K, committed 158720K, reserved 1245184K
  class space    used 20596K, committed 21376K, reserved 1048576K
}
Event: 5667.536 GC heap before
{Heap before GC invocations=70 (full 0):
 garbage-first heap   total 522240K, used 321024K [0x0000000080000000, 0x0000000100000000)
  region size 1024K, 25 young (25600K), 4 survivors (4096K)
 Metaspace       used 157274K, committed 158720K, reserved 1245184K
  class space    used 20596K, committed 21376K, reserved 1048576K
}
Event: 5667.557 GC heap after
{Heap after GC invocations=71 (full 0):
 garbage-first heap   total 522240K, used 306623K [0x0000000080000000, 0x0000000100000000)
  region size 1024K, 4 young (4096K), 4 survivors (4096K)
 Metaspace       used 157274K, committed 158720K, reserved 1245184K
  class space    used 20596K, committed 21376K, reserved 1048576K
}
Event: 5668.904 GC heap before
{Heap before GC invocations=71 (full 0):
 garbage-first heap   total 529408K, used 350655K [0x0000000080000000, 0x0000000100000000)
  region size 1024K, 39 young (39936K), 4 survivors (4096K)
 Metaspace       used 157153K, committed 158720K, reserved 1245184K
  class space    used 20567K, committed 21376K, reserved 1048576K
}

